build/app/intermediates/manifest_merge_blame_file/release/manifest-merger-blame-release-report.txt
1<?xml version="1.0" encoding="utf-8"?>
2<manifest xmlns:android="http://schemas.android.com/apk/res/android"
3    package="com.softwareFitariki.fitariki"
4    android:versionCode="16"
5    android:versionName="1.1.4" >
6
7    <uses-sdk
8        android:minSdkVersion="21"
8-->src/main/AndroidManifest.xml
9        android:targetSdkVersion="33" />
9-->src/main/AndroidManifest.xml
10
11    <uses-permission android:name="android.permission.ACCESS_COARSE_LOCATION" />
11-->src/main/AndroidManifest.xml:3:5-81
11-->src/main/AndroidManifest.xml:3:22-78
12    <uses-permission android:name="android.permission.ACCESS_FINE_LOCATION" />
12-->src/main/AndroidManifest.xml:4:5-79
12-->src/main/AndroidManifest.xml:4:22-76
13    <uses-permission android:name="android.permission.FOREGROUND_SERVICE" />
13-->src/main/AndroidManifest.xml:5:5-77
13-->src/main/AndroidManifest.xml:5:22-74
14    <uses-permission android:name="android.permission.REQUEST_IGNORE_BATTERY_OPTIMIZATIONS" />
14-->src/main/AndroidManifest.xml:6:5-95
14-->src/main/AndroidManifest.xml:6:22-92
15    <uses-permission android:name="android.permission.ACCESS_BACKGROUND_LOCATION" />
15-->src/main/AndroidManifest.xml:7:5-84
15-->src/main/AndroidManifest.xml:7:22-82
16    <uses-permission android:name="android.permission.FOREGROUND_SERVICE" />
16-->src/main/AndroidManifest.xml:5:5-77
16-->src/main/AndroidManifest.xml:5:22-74
17    <uses-permission android:name="android.permission.WRITE_EXTERNAL_STORAGE" />
17-->src/main/AndroidManifest.xml:10:5-80
17-->src/main/AndroidManifest.xml:10:22-78
18    <uses-permission
18-->src/main/AndroidManifest.xml:11:5-12:38
19        android:name="android.permission.READ_EXTERNAL_STORAGE"
19-->src/main/AndroidManifest.xml:11:22-77
20        android:maxSdkVersion="32" />
20-->src/main/AndroidManifest.xml:12:9-35
21    <uses-permission android:name="android.permission.READ_MEDIA_IMAGES" />
21-->src/main/AndroidManifest.xml:13:5-75
21-->src/main/AndroidManifest.xml:13:22-73
22    <uses-permission android:name="android.permission.READ_MEDIA_VIDEO" />
22-->src/main/AndroidManifest.xml:14:5-74
22-->src/main/AndroidManifest.xml:14:22-72
23    <uses-permission android:name="android.permission.READ_MEDIA_AUDIO" />
23-->src/main/AndroidManifest.xml:15:5-74
23-->src/main/AndroidManifest.xml:15:22-72
24    <uses-permission android:name="android.permission.INTERNET" />
24-->src/main/AndroidManifest.xml:17:5-66
24-->src/main/AndroidManifest.xml:17:22-64
25    <uses-permission android:name="android.permission.WAKE_LOCK" />
25-->src/main/AndroidManifest.xml:18:5-68
25-->src/main/AndroidManifest.xml:18:22-65
26
27    <queries>
27-->src/main/AndroidManifest.xml:20:5-37:15
28        <intent>
28-->src/main/AndroidManifest.xml:21:9-24:18
29            <action android:name="android.intent.action.VIEW" />
29-->src/main/AndroidManifest.xml:22:13-65
29-->src/main/AndroidManifest.xml:22:21-62
30
31            <data android:scheme="https" />
31-->src/main/AndroidManifest.xml:23:13-44
31-->src/main/AndroidManifest.xml:23:19-41
32        </intent>
33        <intent>
33-->src/main/AndroidManifest.xml:25:9-28:18
34            <action android:name="android.intent.action.DIAL" />
34-->src/main/AndroidManifest.xml:26:13-65
34-->src/main/AndroidManifest.xml:26:21-62
35
36            <data android:scheme="tel" />
36-->src/main/AndroidManifest.xml:23:13-44
36-->src/main/AndroidManifest.xml:23:19-41
37        </intent>
38        <intent>
38-->src/main/AndroidManifest.xml:29:9-32:18
39            <action android:name="android.intent.action.SEND" />
39-->src/main/AndroidManifest.xml:30:13-65
39-->src/main/AndroidManifest.xml:30:21-62
40
41            <data android:mimeType="*/*" />
41-->src/main/AndroidManifest.xml:23:13-44
41-->src/main/AndroidManifest.xml:31:19-41
42        </intent>
43        <intent>
43-->src/main/AndroidManifest.xml:33:9-36:18
44            <action android:name="android.intent.action.INSERT" />
44-->src/main/AndroidManifest.xml:34:13-67
44-->src/main/AndroidManifest.xml:34:21-64
45
46            <data android:mimeType="vnd.android.cursor.item/event" />
46-->src/main/AndroidManifest.xml:23:13-44
46-->src/main/AndroidManifest.xml:31:19-41
47        </intent>
48        <intent>
48-->[:flutter_inappwebview] AndroidManifest.xml:10:9-12:18
49            <action android:name="android.support.customtabs.action.CustomTabsService" />
49-->[:flutter_inappwebview] AndroidManifest.xml:11:13-90
49-->[:flutter_inappwebview] AndroidManifest.xml:11:21-87
50        </intent>
51
52        <package android:name="com.google.android.apps.maps" />
52-->[:map_launcher] AndroidManifest.xml:10:9-64
52-->[:map_launcher] AndroidManifest.xml:10:18-61
53        <package android:name="com.google.android.apps.mapslite" />
53-->[:map_launcher] AndroidManifest.xml:11:9-68
53-->[:map_launcher] AndroidManifest.xml:11:18-65
54        <package android:name="com.autonavi.minimap" />
54-->[:map_launcher] AndroidManifest.xml:12:9-56
54-->[:map_launcher] AndroidManifest.xml:12:18-53
55        <package android:name="com.baidu.BaiduMap" />
55-->[:map_launcher] AndroidManifest.xml:13:9-54
55-->[:map_launcher] AndroidManifest.xml:13:18-51
56        <package android:name="com.waze" />
56-->[:map_launcher] AndroidManifest.xml:14:9-44
56-->[:map_launcher] AndroidManifest.xml:14:18-41
57        <package android:name="ru.yandex.yandexnavi" />
57-->[:map_launcher] AndroidManifest.xml:15:9-56
57-->[:map_launcher] AndroidManifest.xml:15:18-53
58        <package android:name="ru.yandex.yandexmaps" />
58-->[:map_launcher] AndroidManifest.xml:16:9-56
58-->[:map_launcher] AndroidManifest.xml:16:18-53
59        <package android:name="com.citymapper.app.release" />
59-->[:map_launcher] AndroidManifest.xml:17:9-62
59-->[:map_launcher] AndroidManifest.xml:17:18-59
60        <package android:name="com.mapswithme.maps.pro" />
60-->[:map_launcher] AndroidManifest.xml:18:9-59
60-->[:map_launcher] AndroidManifest.xml:18:18-56
61        <package android:name="net.osmand" />
61-->[:map_launcher] AndroidManifest.xml:19:9-46
61-->[:map_launcher] AndroidManifest.xml:19:18-43
62        <package android:name="net.osmand.plus" />
62-->[:map_launcher] AndroidManifest.xml:20:9-51
62-->[:map_launcher] AndroidManifest.xml:20:18-48
63        <package android:name="ru.dublgis.dgismobile" />
63-->[:map_launcher] AndroidManifest.xml:21:9-57
63-->[:map_launcher] AndroidManifest.xml:21:18-54
64        <package android:name="com.tencent.map" />
64-->[:map_launcher] AndroidManifest.xml:22:9-51
64-->[:map_launcher] AndroidManifest.xml:22:18-48
65        <package android:name="com.here.app.maps" />
65-->[:map_launcher] AndroidManifest.xml:23:9-53
65-->[:map_launcher] AndroidManifest.xml:23:18-50
66        <package android:name="com.huawei.maps.app" />
66-->[:map_launcher] AndroidManifest.xml:24:9-55
66-->[:map_launcher] AndroidManifest.xml:24:18-52
67
68        <intent>
68-->[androidx.media2:media2-session:1.2.1] AndroidManifest.xml:25:9-27:18
69            <action android:name="android.media.browse.MediaBrowserService" />
69-->[androidx.media2:media2-session:1.2.1] AndroidManifest.xml:26:13-79
69-->[androidx.media2:media2-session:1.2.1] AndroidManifest.xml:26:21-76
70        </intent>
71        <intent>
71-->[androidx.media2:media2-session:1.2.1] AndroidManifest.xml:28:9-30:18
72            <action android:name="androidx.media2.session.MediaSessionService" />
72-->[androidx.media2:media2-session:1.2.1] AndroidManifest.xml:29:13-82
72-->[androidx.media2:media2-session:1.2.1] AndroidManifest.xml:29:21-79
73        </intent>
74        <intent>
74-->[androidx.media2:media2-session:1.2.1] AndroidManifest.xml:31:9-33:18
75            <action android:name="androidx.media2.session.MediaLibraryService" />
75-->[androidx.media2:media2-session:1.2.1] AndroidManifest.xml:32:13-82
75-->[androidx.media2:media2-session:1.2.1] AndroidManifest.xml:32:21-79
76        </intent>
77    </queries>
78
79    <uses-permission android:name="android.permission.ACCESS_NETWORK_STATE" /> <!-- Permissions options for the `notification` group -->
79-->[:firebase_messaging] AndroidManifest.xml:11:5-79
79-->[:firebase_messaging] AndroidManifest.xml:11:22-76
80    <uses-permission android:name="android.permission.POST_NOTIFICATIONS" />
80-->[:firebase_messaging] AndroidManifest.xml:13:5-77
80-->[:firebase_messaging] AndroidManifest.xml:13:22-74
81    <uses-permission android:name="android.permission.VIBRATE" />
81-->[:flutter_local_notifications] AndroidManifest.xml:9:5-66
81-->[:flutter_local_notifications] AndroidManifest.xml:9:22-63
82
83    <uses-feature
83-->[com.google.android.gms:play-services-maps:18.1.0] AndroidManifest.xml:26:5-28:35
84        android:glEsVersion="0x00020000"
84-->[com.google.android.gms:play-services-maps:18.1.0] AndroidManifest.xml:27:9-41
85        android:required="true" /> <!-- Required by older versions of Google Play services to create IID tokens -->
85-->[com.google.android.gms:play-services-maps:18.1.0] AndroidManifest.xml:28:9-32
86    <uses-permission android:name="com.google.android.c2dm.permission.RECEIVE" />
86-->[com.google.firebase:firebase-messaging:23.2.1] AndroidManifest.xml:26:5-82
86-->[com.google.firebase:firebase-messaging:23.2.1] AndroidManifest.xml:26:22-79
87    <uses-permission android:name="com.google.android.gms.permission.AD_ID" />
87-->[com.google.android.gms:play-services-measurement-api:21.3.0] AndroidManifest.xml:25:5-79
87-->[com.google.android.gms:play-services-measurement-api:21.3.0] AndroidManifest.xml:25:22-76
88    <uses-permission android:name="com.google.android.finsky.permission.BIND_GET_INSTALL_REFERRER_SERVICE" />
88-->[com.google.android.gms:play-services-measurement:21.3.0] AndroidManifest.xml:26:5-110
88-->[com.google.android.gms:play-services-measurement:21.3.0] AndroidManifest.xml:26:22-107
89
90    <permission
90-->[androidx.core:core:1.10.1] AndroidManifest.xml:22:5-24:47
91        android:name="com.softwareFitariki.fitariki.DYNAMIC_RECEIVER_NOT_EXPORTED_PERMISSION"
91-->[androidx.core:core:1.10.1] AndroidManifest.xml:23:9-81
92        android:protectionLevel="signature" />
92-->[androidx.core:core:1.10.1] AndroidManifest.xml:24:9-44
93
94    <uses-permission android:name="com.softwareFitariki.fitariki.DYNAMIC_RECEIVER_NOT_EXPORTED_PERMISSION" />
94-->[androidx.core:core:1.10.1] AndroidManifest.xml:26:5-97
94-->[androidx.core:core:1.10.1] AndroidManifest.xml:26:22-94
95
96    <application
97        android:name="android.app.Application"
97-->src/main/AndroidManifest.xml:40:8-41
98        android:appComponentFactory="androidx.core.app.CoreComponentFactory"
98-->[androidx.core:core:1.10.1] AndroidManifest.xml:28:18-86
99        android:icon="@mipmap/ic_launcher"
99-->src/main/AndroidManifest.xml:42:8-42
100        android:label="في طريقي"
100-->src/main/AndroidManifest.xml:39:8-32
101        android:requestLegacyExternalStorage="true" >
101-->src/main/AndroidManifest.xml:41:8-51
102        <activity
102-->src/main/AndroidManifest.xml:43:8-93:20
103            android:name="com.softwareFitariki.fitariki.MainActivity"
103-->src/main/AndroidManifest.xml:44:13-41
104            android:configChanges="orientation|keyboardHidden|keyboard|screenSize|smallestScreenSize|locale|layoutDirection|fontScale|screenLayout|density|uiMode"
104-->src/main/AndroidManifest.xml:48:13-163
105            android:exported="true"
105-->src/main/AndroidManifest.xml:45:13-36
106            android:hardwareAccelerated="true"
106-->src/main/AndroidManifest.xml:49:13-47
107            android:launchMode="singleTop"
107-->src/main/AndroidManifest.xml:46:13-43
108            android:theme="@style/LaunchTheme"
108-->src/main/AndroidManifest.xml:47:13-47
109            android:usesCleartextTraffic="true"
109-->src/main/AndroidManifest.xml:50:12-47
110            android:windowSoftInputMode="adjustResize" >
110-->src/main/AndroidManifest.xml:52:12-54
111            <meta-data
111-->src/main/AndroidManifest.xml:53:13-55:65
112                android:name="io.flutter.embedding.android.SplashScreenDrawable"
112-->src/main/AndroidManifest.xml:54:17-81
113                android:resource="@drawable/launch_background" />
113-->src/main/AndroidManifest.xml:55:17-63
114
115            <!-- Firebase notification -->
116
117            <meta-data
117-->src/main/AndroidManifest.xml:59:13-61:58
118                android:name="com.google.firebase.messaging.default_notification_channel_id"
118-->src/main/AndroidManifest.xml:60:17-93
119                android:value="high_importance_channel" />
119-->src/main/AndroidManifest.xml:61:17-56
120            <meta-data
120-->src/main/AndroidManifest.xml:63:13-65:66
121                android:name="com.google.firebase.messaging.default_notification_icon"
121-->src/main/AndroidManifest.xml:64:17-87
122                android:resource="@drawable/notification_icon" />
122-->src/main/AndroidManifest.xml:65:17-63
123            <meta-data
123-->src/main/AndroidManifest.xml:67:13-70:19
124                android:name="io.flutter.embedding.android.NormalTheme"
124-->src/main/AndroidManifest.xml:68:17-72
125                android:resource="@style/NormalTheme" />
125-->src/main/AndroidManifest.xml:69:17-54
126
127            <intent-filter>
127-->src/main/AndroidManifest.xml:71:13-74:29
128                <action android:name="android.intent.action.MAIN" />
128-->src/main/AndroidManifest.xml:72:17-68
128-->src/main/AndroidManifest.xml:72:25-66
129
130                <category android:name="android.intent.category.LAUNCHER" />
130-->src/main/AndroidManifest.xml:73:17-76
130-->src/main/AndroidManifest.xml:73:27-74
131            </intent-filter>
132            <intent-filter>
132-->src/main/AndroidManifest.xml:76:13-79:29
133                <action android:name="FLUTTER_NOTIFICATION_CLICK" />
133-->src/main/AndroidManifest.xml:77:17-69
133-->src/main/AndroidManifest.xml:77:25-66
134
135                <category android:name="android.intent.category.DEFAULT" />
135-->src/main/AndroidManifest.xml:78:17-76
135-->src/main/AndroidManifest.xml:78:27-73
136            </intent-filter>
137            <intent-filter>
137-->src/main/AndroidManifest.xml:81:13-83:29
138                <action android:name="com.google.firebase.MESSAGING_EVENT" />
138-->src/main/AndroidManifest.xml:82:17-78
138-->src/main/AndroidManifest.xml:82:25-75
139            </intent-filter>
140            <intent-filter>
140-->src/main/AndroidManifest.xml:85:13-92:29
141                <action android:name="android.intent.action.VIEW" />
141-->src/main/AndroidManifest.xml:22:13-65
141-->src/main/AndroidManifest.xml:22:21-62
142
143                <category android:name="android.intent.category.DEFAULT" />
143-->src/main/AndroidManifest.xml:78:17-76
143-->src/main/AndroidManifest.xml:78:27-73
144                <category android:name="android.intent.category.BROWSABLE" />
144-->src/main/AndroidManifest.xml:88:17-77
144-->src/main/AndroidManifest.xml:88:27-75
145
146                <data
146-->src/main/AndroidManifest.xml:23:13-44
147                    android:host="example.com"
147-->src/main/AndroidManifest.xml:90:21-47
148                    android:scheme="https" />
148-->src/main/AndroidManifest.xml:23:19-41
149            </intent-filter>
150        </activity>
151        <!--
152             Don't delete the meta-data below.
153             This is used by the Flutter tool to generate GeneratedPluginRegistrant.java
154        -->
155        <meta-data
155-->src/main/AndroidManifest.xml:96:9-98:33
156            android:name="flutterEmbedding"
156-->src/main/AndroidManifest.xml:97:13-44
157            android:value="2" />
157-->src/main/AndroidManifest.xml:98:13-30
158        <meta-data
158-->src/main/AndroidManifest.xml:100:8-101:69
159            android:name="com.google.android.geo.API_KEY"
159-->src/main/AndroidManifest.xml:100:19-64
160            android:value="AIzaSyCb1FtVezafyLREu6Hrv5hciMKlqRk6W40" />
160-->src/main/AndroidManifest.xml:101:12-67
161
162        <service
162-->[:firebase_messaging] AndroidManifest.xml:16:9-19:72
163            android:name="io.flutter.plugins.firebase.messaging.FlutterFirebaseMessagingBackgroundService"
163-->[:firebase_messaging] AndroidManifest.xml:17:13-107
164            android:exported="false"
164-->[:firebase_messaging] AndroidManifest.xml:18:13-37
165            android:permission="android.permission.BIND_JOB_SERVICE" />
165-->[:firebase_messaging] AndroidManifest.xml:19:13-69
166        <service
166-->[:firebase_messaging] AndroidManifest.xml:20:9-26:19
167            android:name="io.flutter.plugins.firebase.messaging.FlutterFirebaseMessagingService"
167-->[:firebase_messaging] AndroidManifest.xml:21:13-97
168            android:exported="false" >
168-->[:firebase_messaging] AndroidManifest.xml:22:13-37
169            <intent-filter>
169-->src/main/AndroidManifest.xml:81:13-83:29
170                <action android:name="com.google.firebase.MESSAGING_EVENT" />
170-->src/main/AndroidManifest.xml:82:17-78
170-->src/main/AndroidManifest.xml:82:25-75
171            </intent-filter>
172        </service>
173
174        <receiver
174-->[:firebase_messaging] AndroidManifest.xml:28:9-35:20
175            android:name="io.flutter.plugins.firebase.messaging.FlutterFirebaseMessagingReceiver"
175-->[:firebase_messaging] AndroidManifest.xml:29:13-98
176            android:exported="true"
176-->[:firebase_messaging] AndroidManifest.xml:30:13-36
177            android:permission="com.google.android.c2dm.permission.SEND" >
177-->[:firebase_messaging] AndroidManifest.xml:31:13-73
178            <intent-filter>
178-->[:firebase_messaging] AndroidManifest.xml:32:13-34:29
179                <action android:name="com.google.android.c2dm.intent.RECEIVE" />
179-->[:firebase_messaging] AndroidManifest.xml:33:17-81
179-->[:firebase_messaging] AndroidManifest.xml:33:25-78
180            </intent-filter>
181        </receiver>
182
183        <service
183-->[:firebase_messaging] AndroidManifest.xml:37:9-41:19
184            android:name="com.google.firebase.components.ComponentDiscoveryService"
184-->[:firebase_messaging] AndroidManifest.xml:37:18-89
185            android:directBootAware="true"
185-->[com.google.firebase:firebase-common:20.3.3] AndroidManifest.xml:34:13-43
186            android:exported="false" >
186-->[com.google.firebase:firebase-auth:22.1.2] AndroidManifest.xml:68:13-37
187            <meta-data
187-->[:firebase_messaging] AndroidManifest.xml:38:13-40:85
188                android:name="com.google.firebase.components:io.flutter.plugins.firebase.messaging.FlutterFirebaseAppRegistrar"
188-->[:firebase_messaging] AndroidManifest.xml:39:17-128
189                android:value="com.google.firebase.components.ComponentRegistrar" />
189-->[:firebase_messaging] AndroidManifest.xml:40:17-82
190            <meta-data
190-->[:cloud_firestore] AndroidManifest.xml:11:13-13:85
191                android:name="com.google.firebase.components:io.flutter.plugins.firebase.firestore.FlutterFirebaseFirestoreRegistrar"
191-->[:cloud_firestore] AndroidManifest.xml:12:17-134
192                android:value="com.google.firebase.components.ComponentRegistrar" />
192-->[:cloud_firestore] AndroidManifest.xml:13:17-82
193            <meta-data
193-->[:firebase_dynamic_links] AndroidManifest.xml:13:13-15:85
194                android:name="com.google.firebase.components:io.flutter.plugins.firebase.dynamiclinks.FlutterFirebaseAppRegistrar"
194-->[:firebase_dynamic_links] AndroidManifest.xml:14:17-131
195                android:value="com.google.firebase.components.ComponentRegistrar" />
195-->[:firebase_dynamic_links] AndroidManifest.xml:15:17-82
196            <meta-data
196-->[:firebase_analytics] AndroidManifest.xml:15:13-17:85
197                android:name="com.google.firebase.components:io.flutter.plugins.firebase.analytics.FlutterFirebaseAppRegistrar"
197-->[:firebase_analytics] AndroidManifest.xml:16:17-128
198                android:value="com.google.firebase.components.ComponentRegistrar" />
198-->[:firebase_analytics] AndroidManifest.xml:17:17-82
199            <meta-data
199-->[:firebase_auth] AndroidManifest.xml:11:13-13:85
200                android:name="com.google.firebase.components:io.flutter.plugins.firebase.auth.FlutterFirebaseAuthRegistrar"
200-->[:firebase_auth] AndroidManifest.xml:12:17-124
201                android:value="com.google.firebase.components.ComponentRegistrar" />
201-->[:firebase_auth] AndroidManifest.xml:13:17-82
202            <meta-data
202-->[:firebase_core] AndroidManifest.xml:11:13-13:85
203                android:name="com.google.firebase.components:io.flutter.plugins.firebase.core.FlutterFirebaseCoreRegistrar"
203-->[:firebase_core] AndroidManifest.xml:12:17-124
204                android:value="com.google.firebase.components.ComponentRegistrar" />
204-->[:firebase_core] AndroidManifest.xml:13:17-82
205            <meta-data
205-->[com.google.firebase:firebase-auth:22.1.2] AndroidManifest.xml:69:13-71:85
206                android:name="com.google.firebase.components:com.google.firebase.auth.FirebaseAuthRegistrar"
206-->[com.google.firebase:firebase-auth:22.1.2] AndroidManifest.xml:70:17-109
207                android:value="com.google.firebase.components.ComponentRegistrar" />
207-->[com.google.firebase:firebase-auth:22.1.2] AndroidManifest.xml:71:17-82
208            <meta-data
208-->[com.google.firebase:firebase-messaging:23.2.1] AndroidManifest.xml:53:13-55:85
209                android:name="com.google.firebase.components:com.google.firebase.messaging.FirebaseMessagingRegistrar"
209-->[com.google.firebase:firebase-messaging:23.2.1] AndroidManifest.xml:54:17-119
210                android:value="com.google.firebase.components.ComponentRegistrar" />
210-->[com.google.firebase:firebase-messaging:23.2.1] AndroidManifest.xml:55:17-82
211            <meta-data
211-->[com.google.firebase:firebase-firestore:24.8.1] AndroidManifest.xml:17:13-19:85
212                android:name="com.google.firebase.components:com.google.firebase.firestore.FirestoreRegistrar"
212-->[com.google.firebase:firebase-firestore:24.8.1] AndroidManifest.xml:18:17-111
213                android:value="com.google.firebase.components.ComponentRegistrar" />
213-->[com.google.firebase:firebase-firestore:24.8.1] AndroidManifest.xml:19:17-82
214            <meta-data
214-->[com.google.firebase:firebase-dynamic-links:21.1.0] AndroidManifest.xml:26:13-28:85
215                android:name="com.google.firebase.components:com.google.firebase.dynamiclinks.internal.FirebaseDynamicLinkRegistrar"
215-->[com.google.firebase:firebase-dynamic-links:21.1.0] AndroidManifest.xml:27:17-133
216                android:value="com.google.firebase.components.ComponentRegistrar" />
216-->[com.google.firebase:firebase-dynamic-links:21.1.0] AndroidManifest.xml:28:17-82
217            <meta-data
217-->[com.google.firebase:firebase-datatransport:18.1.7] AndroidManifest.xml:27:13-29:85
218                android:name="com.google.firebase.components:com.google.firebase.datatransport.TransportRegistrar"
218-->[com.google.firebase:firebase-datatransport:18.1.7] AndroidManifest.xml:28:17-115
219                android:value="com.google.firebase.components.ComponentRegistrar" />
219-->[com.google.firebase:firebase-datatransport:18.1.7] AndroidManifest.xml:29:17-82
220            <meta-data
220-->[com.google.firebase:firebase-iid:21.1.0] AndroidManifest.xml:32:13-34:85
221                android:name="com.google.firebase.components:com.google.firebase.iid.Registrar"
221-->[com.google.firebase:firebase-iid:21.1.0] AndroidManifest.xml:33:17-96
222                android:value="com.google.firebase.components.ComponentRegistrar" />
222-->[com.google.firebase:firebase-iid:21.1.0] AndroidManifest.xml:34:17-82
223            <meta-data
223-->[com.google.android.gms:play-services-measurement-api:21.3.0] AndroidManifest.xml:31:13-33:85
224                android:name="com.google.firebase.components:com.google.firebase.analytics.connector.internal.AnalyticsConnectorRegistrar"
224-->[com.google.android.gms:play-services-measurement-api:21.3.0] AndroidManifest.xml:32:17-139
225                android:value="com.google.firebase.components.ComponentRegistrar" />
225-->[com.google.android.gms:play-services-measurement-api:21.3.0] AndroidManifest.xml:33:17-82
226            <meta-data
226-->[com.google.firebase:firebase-installations:17.1.4] AndroidManifest.xml:15:13-17:85
227                android:name="com.google.firebase.components:com.google.firebase.installations.FirebaseInstallationsRegistrar"
227-->[com.google.firebase:firebase-installations:17.1.4] AndroidManifest.xml:16:17-127
228                android:value="com.google.firebase.components.ComponentRegistrar" />
228-->[com.google.firebase:firebase-installations:17.1.4] AndroidManifest.xml:17:17-82
229        </service>
230
231        <provider
231-->[:firebase_messaging] AndroidManifest.xml:43:9-47:38
232            android:name="io.flutter.plugins.firebase.messaging.FlutterFirebaseMessagingInitProvider"
232-->[:firebase_messaging] AndroidManifest.xml:44:13-102
233            android:authorities="com.softwareFitariki.fitariki.flutterfirebasemessaginginitprovider"
233-->[:firebase_messaging] AndroidManifest.xml:45:13-88
234            android:exported="false"
234-->[:firebase_messaging] AndroidManifest.xml:46:13-37
235            android:initOrder="99" />
235-->[:firebase_messaging] AndroidManifest.xml:47:13-35
236
237        <service
237-->[:fl_location] AndroidManifest.xml:13:9-17:72
238            android:name="com.pravera.fl_location.service.LocationServicesStatusIntentService"
238-->[:fl_location] AndroidManifest.xml:14:13-95
239            android:enabled="true"
239-->[:fl_location] AndroidManifest.xml:15:13-35
240            android:exported="false"
240-->[:fl_location] AndroidManifest.xml:16:13-37
241            android:permission="android.permission.BIND_JOB_SERVICE" />
241-->[:fl_location] AndroidManifest.xml:17:13-69
242        <service
242-->[:geolocator_android] AndroidManifest.xml:10:9-14:56
243            android:name="com.baseflow.geolocator.GeolocatorLocationService"
243-->[:geolocator_android] AndroidManifest.xml:11:13-77
244            android:enabled="true"
244-->[:geolocator_android] AndroidManifest.xml:12:13-35
245            android:exported="false"
245-->[:geolocator_android] AndroidManifest.xml:13:13-37
246            android:foregroundServiceType="location" />
246-->[:geolocator_android] AndroidManifest.xml:14:13-53
247
248        <activity
248-->[:flutter_inappwebview] AndroidManifest.xml:16:9-20:47
249            android:name="com.pichillilorenzo.flutter_inappwebview.in_app_browser.InAppBrowserActivity"
249-->[:flutter_inappwebview] AndroidManifest.xml:17:13-104
250            android:configChanges="orientation|keyboardHidden|keyboard|screenSize|locale|layoutDirection|fontScale|screenLayout|density"
250-->[:flutter_inappwebview] AndroidManifest.xml:18:13-137
251            android:exported="false"
251-->[:flutter_inappwebview] AndroidManifest.xml:19:13-37
252            android:theme="@style/AppTheme" />
252-->[:flutter_inappwebview] AndroidManifest.xml:20:13-44
253        <activity
253-->[:flutter_inappwebview] AndroidManifest.xml:21:9-24:55
254            android:name="com.pichillilorenzo.flutter_inappwebview.chrome_custom_tabs.ChromeCustomTabsActivity"
254-->[:flutter_inappwebview] AndroidManifest.xml:22:13-112
255            android:exported="false"
255-->[:flutter_inappwebview] AndroidManifest.xml:23:13-37
256            android:theme="@style/ThemeTransparent" />
256-->[:flutter_inappwebview] AndroidManifest.xml:24:13-52
257        <activity
257-->[:flutter_inappwebview] AndroidManifest.xml:25:9-28:55
258            android:name="com.pichillilorenzo.flutter_inappwebview.chrome_custom_tabs.TrustedWebActivity"
258-->[:flutter_inappwebview] AndroidManifest.xml:26:13-106
259            android:exported="false"
259-->[:flutter_inappwebview] AndroidManifest.xml:27:13-37
260            android:theme="@style/ThemeTransparent" />
260-->[:flutter_inappwebview] AndroidManifest.xml:28:13-52
261        <activity
261-->[:flutter_inappwebview] AndroidManifest.xml:29:9-33:55
262            android:name="com.pichillilorenzo.flutter_inappwebview.chrome_custom_tabs.ChromeCustomTabsActivitySingleInstance"
262-->[:flutter_inappwebview] AndroidManifest.xml:30:13-126
263            android:exported="false"
263-->[:flutter_inappwebview] AndroidManifest.xml:31:13-37
264            android:launchMode="singleInstance"
264-->[:flutter_inappwebview] AndroidManifest.xml:32:13-48
265            android:theme="@style/ThemeTransparent" />
265-->[:flutter_inappwebview] AndroidManifest.xml:33:13-52
266        <activity
266-->[:flutter_inappwebview] AndroidManifest.xml:34:9-38:55
267            android:name="com.pichillilorenzo.flutter_inappwebview.chrome_custom_tabs.TrustedWebActivitySingleInstance"
267-->[:flutter_inappwebview] AndroidManifest.xml:35:13-120
268            android:exported="false"
268-->[:flutter_inappwebview] AndroidManifest.xml:36:13-37
269            android:launchMode="singleInstance"
269-->[:flutter_inappwebview] AndroidManifest.xml:37:13-48
270            android:theme="@style/ThemeTransparent" />
270-->[:flutter_inappwebview] AndroidManifest.xml:38:13-52
271
272        <receiver
272-->[:flutter_inappwebview] AndroidManifest.xml:40:9-43:40
273            android:name="com.pichillilorenzo.flutter_inappwebview.chrome_custom_tabs.ActionBroadcastReceiver"
273-->[:flutter_inappwebview] AndroidManifest.xml:41:13-111
274            android:enabled="true"
274-->[:flutter_inappwebview] AndroidManifest.xml:42:13-35
275            android:exported="false" />
275-->[:flutter_inappwebview] AndroidManifest.xml:43:13-37
276
277        <meta-data
277-->[:flutter_inappwebview] AndroidManifest.xml:45:9-47:36
278            android:name="io.flutter.embedded_views_preview"
278-->[:flutter_inappwebview] AndroidManifest.xml:46:13-61
279            android:value="true" />